2017-09-30 01:58:22 Warning: Warning (2): Declaration of Cake\Chronos\Traits\FrozenTimeTrait::setTime($hours, $minutes, $seconds = 0) should be compatible with DateTime::setTime($hour, $minute, $second = NULL, $microseconds = NULL) in [G:\cakephp\03_02\vendor\cakephp\chronos\src\MutableDate.php, line 24]
Trace:
Cake\Error\BaseErrorHandler::handleError() - CORE\src\Error\BaseErrorHandler.php, line 147
include - ROOT\vendor\cakephp\chronos\src\MutableDate.php, line 24
Composer\Autoload\includeFile - ROOT\vendor\composer\ClassLoader.php, line 412
Composer\Autoload\ClassLoader::loadClass() - ROOT\vendor\composer\ClassLoader.php, line 301
spl_autoload_call - [internal], line ??
include - CORE\src\I18n\Date.php, line 26
Composer\Autoload\includeFile - ROOT\vendor\composer\ClassLoader.php, line 412
Composer\Autoload\ClassLoader::loadClass() - ROOT\vendor\composer\ClassLoader.php, line 301
spl_autoload_call - [internal], line ??
class_exists - [internal], line ??
Cake\Database\Type\DateTimeType::_setClassName() - CORE\src\Database\Type\DateTimeType.php, line 250
Cake\Database\Type\DateTimeType::__construct() - CORE\src\Database\Type\DateTimeType.php, line 85
Cake\Database\Type::build() - CORE\src\Database\Type.php, line 106
require - ROOT\config\bootstrap.php, line 207
[main] - ROOT\webroot\index.php, line 27



2017-09-30 01:58:22 Warning: Warning (2): Declaration of Cake\Chronos\Date::setTime($hours, $minutes, $seconds = 0) should be compatible with DateTimeImmutable::setTime($hour, $minute, $second = NULL, $microseconds = NULL) in [G:\cakephp\03_02\vendor\cakephp\chronos\src\Date.php, line 24]
Trace:
Cake\Error\BaseErrorHandler::handleError() - CORE\src\Error\BaseErrorHandler.php, line 147
include - ROOT\vendor\cakephp\chronos\src\Date.php, line 24
Composer\Autoload\includeFile - ROOT\vendor\composer\ClassLoader.php, line 412
Composer\Autoload\ClassLoader::loadClass() - ROOT\vendor\composer\ClassLoader.php, line 301
spl_autoload_call - [internal], line ??
include - CORE\src\I18n\FrozenDate.php, line 28
Composer\Autoload\includeFile - ROOT\vendor\composer\ClassLoader.php, line 412
Composer\Autoload\ClassLoader::loadClass() - ROOT\vendor\composer\ClassLoader.php, line 301
spl_autoload_call - [internal], line ??
class_exists - [internal], line ??
Cake\Database\Type\DateTimeType::_setClassName() - CORE\src\Database\Type\DateTimeType.php, line 250
Cake\Database\Type\DateType::useImmutable() - CORE\src\Database\Type\DateType.php, line 47
require - ROOT\config\bootstrap.php, line 208
[main] - ROOT\webroot\index.php, line 27



2017-09-30 01:58:23 Warning: Warning (2): Declaration of Cake\Chronos\Traits\FrozenTimeTrait::setTime($hours, $minutes, $seconds = 0) should be compatible with DateTime::setTime($hour, $minute, $second = NULL, $microseconds = NULL) in [G:\cakephp\03_02\vendor\cakephp\chronos\src\MutableDate.php, line 24]
Trace:
Cake\Error\BaseErrorHandler::handleError() - CORE\src\Error\BaseErrorHandler.php, line 147
include - ROOT\vendor\cakephp\chronos\src\MutableDate.php, line 24
Composer\Autoload\includeFile - ROOT\vendor\composer\ClassLoader.php, line 412
Composer\Autoload\ClassLoader::loadClass() - ROOT\vendor\composer\ClassLoader.php, line 301
spl_autoload_call - [internal], line ??
include - CORE\src\I18n\Date.php, line 26
Composer\Autoload\includeFile - ROOT\vendor\composer\ClassLoader.php, line 412
Composer\Autoload\ClassLoader::loadClass() - ROOT\vendor\composer\ClassLoader.php, line 301
spl_autoload_call - [internal], line ??
class_exists - [internal], line ??
Cake\Database\Type\DateTimeType::_setClassName() - CORE\src\Database\Type\DateTimeType.php, line 250
Cake\Database\Type\DateTimeType::__construct() - CORE\src\Database\Type\DateTimeType.php, line 85
Cake\Database\Type::build() - CORE\src\Database\Type.php, line 106
require - ROOT\config\bootstrap.php, line 207
[main] - ROOT\webroot\index.php, line 27



2017-09-30 01:58:23 Warning: Warning (2): Declaration of Cake\Chronos\Date::setTime($hours, $minutes, $seconds = 0) should be compatible with DateTimeImmutable::setTime($hour, $minute, $second = NULL, $microseconds = NULL) in [G:\cakephp\03_02\vendor\cakephp\chronos\src\Date.php, line 24]
Trace:
Cake\Error\BaseErrorHandler::handleError() - CORE\src\Error\BaseErrorHandler.php, line 147
include - ROOT\vendor\cakephp\chronos\src\Date.php, line 24
Composer\Autoload\includeFile - ROOT\vendor\composer\ClassLoader.php, line 412
Composer\Autoload\ClassLoader::loadClass() - ROOT\vendor\composer\ClassLoader.php, line 301
spl_autoload_call - [internal], line ??
include - CORE\src\I18n\FrozenDate.php, line 28
Composer\Autoload\includeFile - ROOT\vendor\composer\ClassLoader.php, line 412
Composer\Autoload\ClassLoader::loadClass() - ROOT\vendor\composer\ClassLoader.php, line 301
spl_autoload_call - [internal], line ??
class_exists - [internal], line ??
Cake\Database\Type\DateTimeType::_setClassName() - CORE\src\Database\Type\DateTimeType.php, line 250
Cake\Database\Type\DateType::useImmutable() - CORE\src\Database\Type\DateType.php, line 47
require - ROOT\config\bootstrap.php, line 208
[main] - ROOT\webroot\index.php, line 27



2017-09-30 02:18:50 Warning: Warning (2): Declaration of Cake\Chronos\Traits\FrozenTimeTrait::setTime($hours, $minutes, $seconds = 0) should be compatible with DateTime::setTime($hour, $minute, $second = NULL, $microseconds = NULL) in [G:\cakephp\03_02\vendor\cakephp\chronos\src\MutableDate.php, line 24]
Trace:
Cake\Error\BaseErrorHandler::handleError() - CORE\src\Error\BaseErrorHandler.php, line 147
include - ROOT\vendor\cakephp\chronos\src\MutableDate.php, line 24
Composer\Autoload\includeFile - ROOT\vendor\composer\ClassLoader.php, line 412
Composer\Autoload\ClassLoader::loadClass() - ROOT\vendor\composer\ClassLoader.php, line 301
spl_autoload_call - [internal], line ??
include - CORE\src\I18n\Date.php, line 26
Composer\Autoload\includeFile - ROOT\vendor\composer\ClassLoader.php, line 412
Composer\Autoload\ClassLoader::loadClass() - ROOT\vendor\composer\ClassLoader.php, line 301
spl_autoload_call - [internal], line ??
class_exists - [internal], line ??
Cake\Database\Type\DateTimeType::_setClassName() - CORE\src\Database\Type\DateTimeType.php, line 250
Cake\Database\Type\DateTimeType::__construct() - CORE\src\Database\Type\DateTimeType.php, line 85
Cake\Database\Type::build() - CORE\src\Database\Type.php, line 106
require - ROOT\config\bootstrap.php, line 207
[main] - ROOT\webroot\index.php, line 27



2017-09-30 02:18:50 Warning: Warning (2): Declaration of Cake\Chronos\Date::setTime($hours, $minutes, $seconds = 0) should be compatible with DateTimeImmutable::setTime($hour, $minute, $second = NULL, $microseconds = NULL) in [G:\cakephp\03_02\vendor\cakephp\chronos\src\Date.php, line 24]
Trace:
Cake\Error\BaseErrorHandler::handleError() - CORE\src\Error\BaseErrorHandler.php, line 147
include - ROOT\vendor\cakephp\chronos\src\Date.php, line 24
Composer\Autoload\includeFile - ROOT\vendor\composer\ClassLoader.php, line 412
Composer\Autoload\ClassLoader::loadClass() - ROOT\vendor\composer\ClassLoader.php, line 301
spl_autoload_call - [internal], line ??
include - CORE\src\I18n\FrozenDate.php, line 28
Composer\Autoload\includeFile - ROOT\vendor\composer\ClassLoader.php, line 412
Composer\Autoload\ClassLoader::loadClass() - ROOT\vendor\composer\ClassLoader.php, line 301
spl_autoload_call - [internal], line ??
class_exists - [internal], line ??
Cake\Database\Type\DateTimeType::_setClassName() - CORE\src\Database\Type\DateTimeType.php, line 250
Cake\Database\Type\DateType::useImmutable() - CORE\src\Database\Type\DateType.php, line 47
require - ROOT\config\bootstrap.php, line 208
[main] - ROOT\webroot\index.php, line 27



2017-09-30 02:18:50 Error: [Cake\Routing\Exception\MissingControllerException] Controller class 03_02 could not be found.
Exception Attributes: array (
  'class' => '03_02',
  'plugin' => NULL,
  'prefix' => NULL,
  '_ext' => NULL,
)
Request URL: /03_02/webroot
Stack Trace:
#0 G:\cakephp\03_02\webroot\index.php(36): Cake\Routing\Dispatcher->dispatch(Object(Cake\Network\Request), Object(Cake\Network\Response))
#1 {main}


2017-09-30 02:18:50 Warning: Warning (2): Declaration of Cake\Chronos\Traits\FrozenTimeTrait::setTime($hours, $minutes, $seconds = 0) should be compatible with DateTime::setTime($hour, $minute, $second = NULL, $microseconds = NULL) in [G:\cakephp\03_02\vendor\cakephp\chronos\src\MutableDate.php, line 24]
Trace:
Cake\Error\BaseErrorHandler::handleError() - CORE\src\Error\BaseErrorHandler.php, line 147
include - ROOT\vendor\cakephp\chronos\src\MutableDate.php, line 24
Composer\Autoload\includeFile - ROOT\vendor\composer\ClassLoader.php, line 412
Composer\Autoload\ClassLoader::loadClass() - ROOT\vendor\composer\ClassLoader.php, line 301
spl_autoload_call - [internal], line ??
include - CORE\src\I18n\Date.php, line 26
Composer\Autoload\includeFile - ROOT\vendor\composer\ClassLoader.php, line 412
Composer\Autoload\ClassLoader::loadClass() - ROOT\vendor\composer\ClassLoader.php, line 301
spl_autoload_call - [internal], line ??
class_exists - [internal], line ??
Cake\Database\Type\DateTimeType::_setClassName() - CORE\src\Database\Type\DateTimeType.php, line 250
Cake\Database\Type\DateTimeType::__construct() - CORE\src\Database\Type\DateTimeType.php, line 85
Cake\Database\Type::build() - CORE\src\Database\Type.php, line 106
require - ROOT\config\bootstrap.php, line 207
[main] - ROOT\webroot\index.php, line 27



2017-09-30 02:18:50 Warning: Warning (2): Declaration of Cake\Chronos\Date::setTime($hours, $minutes, $seconds = 0) should be compatible with DateTimeImmutable::setTime($hour, $minute, $second = NULL, $microseconds = NULL) in [G:\cakephp\03_02\vendor\cakephp\chronos\src\Date.php, line 24]
Trace:
Cake\Error\BaseErrorHandler::handleError() - CORE\src\Error\BaseErrorHandler.php, line 147
include - ROOT\vendor\cakephp\chronos\src\Date.php, line 24
Composer\Autoload\includeFile - ROOT\vendor\composer\ClassLoader.php, line 412
Composer\Autoload\ClassLoader::loadClass() - ROOT\vendor\composer\ClassLoader.php, line 301
spl_autoload_call - [internal], line ??
include - CORE\src\I18n\FrozenDate.php, line 28
Composer\Autoload\includeFile - ROOT\vendor\composer\ClassLoader.php, line 412
Composer\Autoload\ClassLoader::loadClass() - ROOT\vendor\composer\ClassLoader.php, line 301
spl_autoload_call - [internal], line ??
class_exists - [internal], line ??
Cake\Database\Type\DateTimeType::_setClassName() - CORE\src\Database\Type\DateTimeType.php, line 250
Cake\Database\Type\DateType::useImmutable() - CORE\src\Database\Type\DateType.php, line 47
require - ROOT\config\bootstrap.php, line 208
[main] - ROOT\webroot\index.php, line 27



2017-09-30 02:19:11 Warning: Warning (2): Declaration of Cake\Chronos\Traits\FrozenTimeTrait::setTime($hours, $minutes, $seconds = 0) should be compatible with DateTime::setTime($hour, $minute, $second = NULL, $microseconds = NULL) in [G:\cakephp\03_02\vendor\cakephp\chronos\src\MutableDate.php, line 24]
Trace:
Cake\Error\BaseErrorHandler::handleError() - CORE\src\Error\BaseErrorHandler.php, line 147
include - ROOT\vendor\cakephp\chronos\src\MutableDate.php, line 24
Composer\Autoload\includeFile - ROOT\vendor\composer\ClassLoader.php, line 412
Composer\Autoload\ClassLoader::loadClass() - ROOT\vendor\composer\ClassLoader.php, line 301
spl_autoload_call - [internal], line ??
include - CORE\src\I18n\Date.php, line 26
Composer\Autoload\includeFile - ROOT\vendor\composer\ClassLoader.php, line 412
Composer\Autoload\ClassLoader::loadClass() - ROOT\vendor\composer\ClassLoader.php, line 301
spl_autoload_call - [internal], line ??
class_exists - [internal], line ??
Cake\Database\Type\DateTimeType::_setClassName() - CORE\src\Database\Type\DateTimeType.php, line 250
Cake\Database\Type\DateTimeType::__construct() - CORE\src\Database\Type\DateTimeType.php, line 85
Cake\Database\Type::build() - CORE\src\Database\Type.php, line 106
require - ROOT\config\bootstrap.php, line 207
[main] - ROOT\webroot\index.php, line 27



2017-09-30 02:19:11 Warning: Warning (2): Declaration of Cake\Chronos\Date::setTime($hours, $minutes, $seconds = 0) should be compatible with DateTimeImmutable::setTime($hour, $minute, $second = NULL, $microseconds = NULL) in [G:\cakephp\03_02\vendor\cakephp\chronos\src\Date.php, line 24]
Trace:
Cake\Error\BaseErrorHandler::handleError() - CORE\src\Error\BaseErrorHandler.php, line 147
include - ROOT\vendor\cakephp\chronos\src\Date.php, line 24
Composer\Autoload\includeFile - ROOT\vendor\composer\ClassLoader.php, line 412
Composer\Autoload\ClassLoader::loadClass() - ROOT\vendor\composer\ClassLoader.php, line 301
spl_autoload_call - [internal], line ??
include - CORE\src\I18n\FrozenDate.php, line 28
Composer\Autoload\includeFile - ROOT\vendor\composer\ClassLoader.php, line 412
Composer\Autoload\ClassLoader::loadClass() - ROOT\vendor\composer\ClassLoader.php, line 301
spl_autoload_call - [internal], line ??
class_exists - [internal], line ??
Cake\Database\Type\DateTimeType::_setClassName() - CORE\src\Database\Type\DateTimeType.php, line 250
Cake\Database\Type\DateType::useImmutable() - CORE\src\Database\Type\DateType.php, line 47
require - ROOT\config\bootstrap.php, line 208
[main] - ROOT\webroot\index.php, line 27



2017-09-30 02:19:11 Warning: Warning (2): Declaration of Cake\Chronos\Traits\FrozenTimeTrait::setTime($hours, $minutes, $seconds = 0) should be compatible with DateTime::setTime($hour, $minute, $second = NULL, $microseconds = NULL) in [G:\cakephp\03_02\vendor\cakephp\chronos\src\MutableDate.php, line 24]
Trace:
Cake\Error\BaseErrorHandler::handleError() - CORE\src\Error\BaseErrorHandler.php, line 147
include - ROOT\vendor\cakephp\chronos\src\MutableDate.php, line 24
Composer\Autoload\includeFile - ROOT\vendor\composer\ClassLoader.php, line 412
Composer\Autoload\ClassLoader::loadClass() - ROOT\vendor\composer\ClassLoader.php, line 301
spl_autoload_call - [internal], line ??
include - CORE\src\I18n\Date.php, line 26
Composer\Autoload\includeFile - ROOT\vendor\composer\ClassLoader.php, line 412
Composer\Autoload\ClassLoader::loadClass() - ROOT\vendor\composer\ClassLoader.php, line 301
spl_autoload_call - [internal], line ??
class_exists - [internal], line ??
Cake\Database\Type\DateTimeType::_setClassName() - CORE\src\Database\Type\DateTimeType.php, line 250
Cake\Database\Type\DateTimeType::__construct() - CORE\src\Database\Type\DateTimeType.php, line 85
Cake\Database\Type::build() - CORE\src\Database\Type.php, line 106
require - ROOT\config\bootstrap.php, line 207
[main] - ROOT\webroot\index.php, line 27



2017-09-30 02:19:11 Warning: Warning (2): Declaration of Cake\Chronos\Date::setTime($hours, $minutes, $seconds = 0) should be compatible with DateTimeImmutable::setTime($hour, $minute, $second = NULL, $microseconds = NULL) in [G:\cakephp\03_02\vendor\cakephp\chronos\src\Date.php, line 24]
Trace:
Cake\Error\BaseErrorHandler::handleError() - CORE\src\Error\BaseErrorHandler.php, line 147
include - ROOT\vendor\cakephp\chronos\src\Date.php, line 24
Composer\Autoload\includeFile - ROOT\vendor\composer\ClassLoader.php, line 412
Composer\Autoload\ClassLoader::loadClass() - ROOT\vendor\composer\ClassLoader.php, line 301
spl_autoload_call - [internal], line ??
include - CORE\src\I18n\FrozenDate.php, line 28
Composer\Autoload\includeFile - ROOT\vendor\composer\ClassLoader.php, line 412
Composer\Autoload\ClassLoader::loadClass() - ROOT\vendor\composer\ClassLoader.php, line 301
spl_autoload_call - [internal], line ??
class_exists - [internal], line ??
Cake\Database\Type\DateTimeType::_setClassName() - CORE\src\Database\Type\DateTimeType.php, line 250
Cake\Database\Type\DateType::useImmutable() - CORE\src\Database\Type\DateType.php, line 47
require - ROOT\config\bootstrap.php, line 208
[main] - ROOT\webroot\index.php, line 27



